SF:probe/Cond.cajeta
FNDA:1,probe.Cond.both(b:int32,a:int32)
FNDA:1,probe.Cond.either(b:int32,a:int32)
FNDA:0,probe.Cond.guarded(n:int32)
FNDA:1,probe.Cond.loop(n:int32)
FNDA:1,probe.Cond.main()
FNDA:0,probe.Cond.neverCalled(n:int32)
DA:5,1
DA:6,1
DA:8,0
DA:11,1
DA:12,1
DA:14,0
DA:17,1
DA:18,1
DA:19,1
DA:20,3
DA:21,3
DA:23,1
DA:27,0
DA:31,0
DA:32,0
DA:34,0
DA:37,1
DA:38,1
DA:39,0
DA:41,1
BRDA:5,0,0,1
BRDA:5,0,1,-
BRDA:5,0,2,1
BRDA:5,0,3,-
BRDA:11,0,0,-
BRDA:11,0,1,1
BRDA:11,0,2,1
BRDA:11,0,3,-
BRDA:19,0,0,3
BRDA:19,0,1,1
BRDA:38,0,0,-
BRDA:38,0,1,1
BRDA:31,0,0,-
BRDA:31,0,1,-
LF:20
LH:13
end_of_record
